<?xml version="1.0" encoding="UTF-8"?>
<!-- Generated by org.testng.reporters.JUnitReportReporter -->
<testsuite hostname="DESKTOP-QRJIP05" failures="0" tests="5" name="knr_runner_Execution.Knr_runner_Execution_Copy" time="138.685" errors="1" timestamp="2025-07-31T16:40:44 IST" skipped="3">
  <testcase classname="knr_runner_Execution.Knr_runner_Execution_Copy" name="afterSuite" time="0.416">
    <error message="Cannot invoke &quot;String.replace(java.lang.CharSequence, java.lang.CharSequence)&quot; because the return value of &quot;java.util.Properties.getProperty(String)&quot; is null" type="java.lang.NullPointerException">
      <![CDATA[java.lang.NullPointerException: Cannot invoke "String.replace(java.lang.CharSequence, java.lang.CharSequence)" because the return value of "java.util.Properties.getProperty(String)" is null
at knr_runner_Execution.Knr_runner_Execution_Copy.afterSuite(Knr_runner_Execution_Copy.java:483)
at java.base/jdk.internal.reflect.DirectMethodHandleAccessor.invoke(DirectMethodHandleAccessor.java:103)
at java.base/java.lang.reflect.Method.invoke(Method.java:580)
at org.testng.internal.MethodInvocationHelper.invokeMethod(MethodInvocationHelper.java:133)
at org.testng.internal.MethodInvocationHelper.invokeMethodConsideringTimeout(MethodInvocationHelper.java:62)
at org.testng.internal.ConfigInvoker.invokeConfigurationMethod(ConfigInvoker.java:385)
at org.testng.internal.ConfigInvoker.invokeConfigurations(ConfigInvoker.java:321)
at org.testng.SuiteRunner.privateRun(SuiteRunner.java:344)
at org.testng.SuiteRunner.run(SuiteRunner.java:276)
at org.testng.SuiteRunnerWorker.runSuite(SuiteRunnerWorker.java:53)
at org.testng.SuiteRunnerWorker.run(SuiteRunnerWorker.java:96)
at org.testng.TestNG.runSuitesSequentially(TestNG.java:1212)
at org.testng.TestNG.runSuitesLocally(TestNG.java:1134)
at org.testng.TestNG.runSuites(TestNG.java:1063)
at org.testng.TestNG.run(TestNG.java:1031)
at org.testng.remote.AbstractRemoteTestNG.run(AbstractRemoteTestNG.java:115)
at org.testng.remote.RemoteTestNG.initAndRun(RemoteTestNG.java:293)
at org.testng.remote.RemoteTestNG.main(RemoteTestNG.java:91)
]]>
    </error>
  </testcase> <!-- afterSuite -->
  <system-out/>
  <testcase classname="knr_runner_Execution.Knr_runner_Execution_Copy" name="testCase6" time="138.269"/>
  <system-out/>
  <testcase classname="knr_runner_Execution.Knr_runner_Execution_Copy" name="knr_RC1">
    <skipped/>
  </testcase> <!-- knr_RC1 -->
  <system-out/>
  <testcase classname="knr_runner_Execution.Knr_runner_Execution_Copy" name="testCase1">
    <skipped/>
  </testcase> <!-- testCase1 -->
  <system-out/>
  <testcase classname="knr_runner_Execution.Knr_runner_Execution_Copy" name="knr_RC">
    <skipped/>
  </testcase> <!-- knr_RC -->
  <system-out/>
</testsuite> <!-- knr_runner_Execution.Knr_runner_Execution_Copy -->
